debug 2024/01/29 22:57:08 msg {}
debug 2024/01/29 22:57:08 msg {122 33}
debug 2024/01/29 22:57:11 msg j
debug 2024/01/29 22:57:11 msg j
debug 2024/01/29 22:57:12 msg k
debug 2024/01/29 22:57:12 msg k
debug 2024/01/29 22:57:12 msg k
debug 2024/01/29 22:57:13 msg  
debug 2024/01/29 22:57:13 msg j
debug 2024/01/29 22:57:14 msg  
debug 2024/01/29 22:57:14 msg j
debug 2024/01/29 22:57:15 msg  
debug 2024/01/29 22:57:16 msg k
debug 2024/01/29 22:57:17 msg k
debug 2024/01/29 22:57:17 msg  
debug 2024/01/29 22:57:18 msg j
debug 2024/01/29 22:57:18 msg j
debug 2024/01/29 22:57:18 msg  
debug 2024/01/29 22:57:21 msg k
debug 2024/01/29 22:57:23 msg enter
debug 2024/01/29 22:57:25 msg j
debug 2024/01/29 22:57:25 msg j
debug 2024/01/29 22:57:25 msg  
debug 2024/01/29 22:57:26 msg q
debug 2024/01/29 22:58:18 view called Qual a fórmula da água?
debug 2024/01/29 22:58:18 view called Qual a fórmula da água?
debug 2024/01/29 22:58:18 view called Qual a fórmula da água?
debug 2024/01/29 22:58:21 view called Qual a fórmula da água?
debug 2024/01/29 22:58:22 view called Qual a fórmula da água?
debug 2024/01/29 22:58:22 view called Qual a fórmula da água?
debug 2024/01/29 22:58:23 view called Qual a fórmula da água?
debug 2024/01/29 22:58:24 view called Qual a fórmula da água?
debug 2024/01/29 22:58:24 view called Qual a fórmula da água?
debug 2024/01/29 22:58:25 view called Qual a fórmula da água?
debug 2024/01/29 22:58:25 view called Quem descobriu o Brasil?
debug 2024/01/29 22:58:26 view called Quem descobriu o Brasil?
debug 2024/01/29 22:58:27 view called Quem descobriu o Brasil?
debug 2024/01/29 22:58:28 view called Quem descobriu o Brasil?
debug 2024/01/29 22:58:28 view called Quem descobriu o Brasil?
debug 2024/01/29 22:58:28 view called Quem descobriu o Brasil?
debug 2024/01/29 22:58:29 view called Quem descobriu o Brasil?
debug 2024/01/29 22:58:29 view called Quem descobriu o Brasil?
debug 2024/01/29 22:58:30 view called Quem descobriu o Brasil?
debug 2024/01/29 22:58:30 view called Quem descobriu o Brasil?
debug 2024/01/29 22:58:30 view called Quem descobriu o Brasil?
debug 2024/01/29 22:58:31 view called Quem descobriu o Brasil?
debug 2024/01/29 22:58:34 view called Quem descobriu o Brasil?
debug 2024/01/29 22:58:35 view called Quem descobriu o Brasil?
debug 2024/01/29 22:58:35 view called Quem descobriu o Brasil?
debug 2024/01/29 22:58:36 view called Quem descobriu o Brasil?
debug 2024/01/29 22:58:36 view called Quem descobriu o Brasil?
debug 2024/01/29 22:58:36 view called Quem descobriu o Brasil?
debug 2024/01/29 23:56:40 [{false H2O2} {false H2O} {false NACL} {false H2C} {false O2}]
debug 2024/01/30 00:00:34 [{false H2O2} {false H2O} {false NACL} {false H2C} {false O2}]
debug 2024/01/30 00:03:06 [{false H2O2} {true H2O} {false NACL} {false H2C} {false O2}]
